Generating file SUBPOP.txt01v	ID 1 -2	ID 15-15
*************************
2013-06-11 16:38:20.896644
File SUBPOP.txt opened succesfully

18 entries with IDS
1 through 15 loaded,
preparing to chop
Chopping population into 1 blocks of size 15

Chopping succesfully completed

Generating file SUBPOP.txt02av	ID 1 -2	ID 15-15
*************************
2013-06-11 16:38:20.907767
File SUBPOP.txt opened succesfully

18 entries with IDS
1 through 15 loaded,
preparing to chop
Chopping population into 1 blocks of size 15

Chopping succesfully completed

Generating file SUBPOP.txt03cs	ID 1 -2	ID 15-15
*************************
2013-06-11 16:38:20.908449
File SUBPOP.txt opened succesfully

18 entries with IDS
1 through 15 loaded,
preparing to chop
Chopping population into 1 blocks of size 15

Chopping succesfully completed

Generating file SUBPOP.txt04cw	ID 1 -2	ID 4-5

*************************
2013-06-11 16:38:20.909310
File SUBPOP.txt opened succesfully

18 entries with IDS
1 through 15 loaded,
preparing to chop
Chopping population into 1 blocks via enumeration
Chopping succesfully completed

